warning: [LT01]: Expected only single space before "1". Found "  ".
  --> $DIR/rusqlite_bad_spacing.rs:3:33
   |
LL |     let _ = conn.execute("SELECT  1;", []);
   |                                 ^^ Expected only single space before "1". Found "  ".
   |
   = note: `#[warn(cargo_sqruff)]` on by default

warning: [LT12]: Files must end with a single trailing newline.
  --> $DIR/rusqlite_bad_spacing.rs:3:36
   |
LL |     let _ = conn.execute("SELECT  1;", []);
   |                                    ^ Files must end with a single trailing newline.

warning: SQL query contains violations
   |
help: consider using `sqruff` to fix this
  --> $DIR/rusqlite_bad_spacing.rs:3:27
   |
LL -     let _ = conn.execute("SELECT  1;", []);
LL +     let _ = conn.execute("SELECT 1;
   |

warning: 3 warnings emitted

