warning: [LT01]: Expected only single space before "1". Found "  ".
  --> $DIR/sqlx_query_as_macro_bad_spacing.rs:7:43
   |
LL |     let _ = sqlx::query_as!(Row, r#"SELECT  1 AS "id: _";"#);
   |                                           ^^ Expected only single space before "1". Found "  ".
   |
   = note: `#[warn(cargo_sqruff)]` on by default

warning: [LT12]: Files must end with a single trailing newline.
  --> $DIR/sqlx_query_as_macro_bad_spacing.rs:7:57
   |
LL |     let _ = sqlx::query_as!(Row, r#"SELECT  1 AS "id: _";"#);
   |                                                         ^ Files must end with a single trailing newline.

warning: SQL query contains violations
   |
help: consider using `sqruff` to fix this
  --> $DIR/sqlx_query_as_macro_bad_spacing.rs:7:37
   |
LL -     let _ = sqlx::query_as!(Row, r#"SELECT  1 AS "id: _";"#);
LL +     let _ = sqlx::query_as!(Row, r#"SELECT 1 AS "id: _";
   |

warning: 3 warnings emitted

